2022-09-22 10:56:43.508  INFO 9884 --- [restartedMain] com.ssafy.GroupCallApplication           : Starting GroupCallApplication using Java 1.8.0_192 on DESKTOP-KVCQHCD with PID 9884 (C:\Users\SSAFY\github_repository\ssafy\specialization_project\S07P22E202\backend\bin\main started by SSAFY in C:\Users\SSAFY\github_repository\ssafy\specialization_project\S07P22E202\backend)
2022-09-22 10:56:43.511  INFO 9884 --- [restartedMain] com.ssafy.GroupCallApplication           : No active profile set, falling back to default profiles: default
2022-09-22 10:56:43.553  INFO 9884 --- [restartedMain] .e.DevToolsPropertyDefaultsPostProcessor : Devtools property defaults active! Set 'spring.devtools.add-properties' to 'false' to disable
2022-09-22 10:56:43.554  INFO 9884 --- [restartedMain] .e.DevToolsPropertyDefaultsPostProcessor : For additional web related logging consider setting the 'logging.level.web' property to 'DEBUG'
2022-09-22 10:56:44.901  INFO 9884 --- [restartedMain] .s.d.r.c.RepositoryConfigurationDelegate : Bootstrapping Spring Data JPA repositories in DEFAULT mode.
2022-09-22 10:56:45.032  INFO 9884 --- [restartedMain] .s.d.r.c.RepositoryConfigurationDelegate : Finished Spring Data repository scanning in 121 ms. Found 7 JPA repository interfaces.
2022-09-22 10:56:45.391  INFO 9884 --- [restartedMain] trationDelegate$BeanPostProcessorChecker : Bean 'org.springframework.security.access.expression.method.DefaultMethodSecurityExpressionHandler@2aba2d23' of type [org.springframework.security.access.expression.method.DefaultMethodSecurityExpressionHandler] is not eligible for getting processed by all BeanPostProcessors (for example: not eligible for auto-proxying)
2022-09-22 10:56:45.397  INFO 9884 --- [restartedMain] trationDelegate$BeanPostProcessorChecker : Bean 'methodSecurityMetadataSource' of type [org.springframework.security.access.method.DelegatingMethodSecurityMetadataSource] is not eligible for getting processed by all BeanPostProcessors (for example: not eligible for auto-proxying)
2022-09-22 10:56:45.708  INFO 9884 --- [restartedMain] o.s.b.w.embedded.tomcat.TomcatWebServer  : Tomcat initialized with port(s): 8081 (http)
2022-09-22 10:56:45.720  INFO 9884 --- [restartedMain] o.apache.catalina.core.StandardService   : Starting service [Tomcat]
2022-09-22 10:56:45.721  INFO 9884 --- [restartedMain] org.apache.catalina.core.StandardEngine  : Starting Servlet engine: [Apache Tomcat/9.0.45]
2022-09-22 10:56:45.870  INFO 9884 --- [restartedMain] o.a.c.c.C.[Tomcat].[localhost].[/]       : Initializing Spring embedded WebApplicationContext
2022-09-22 10:56:45.870  INFO 9884 --- [restartedMain] w.s.c.ServletWebServerApplicationContext : Root WebApplicationContext: initialization completed in 2315 ms
2022-09-22 10:56:46.068 DEBUG 9884 --- [restartedMain] o.s.w.s.r.ResourceUrlEncodingFilter      : Filter 'resourceUrlEncodingFilter' configured for use
2022-09-22 10:56:46.069 DEBUG 9884 --- [restartedMain] o.s.web.filter.CharacterEncodingFilter   : Filter 'characterEncodingFilter' configured for use
2022-09-22 10:56:46.069 DEBUG 9884 --- [restartedMain] o.s.w.f.CommonsRequestLoggingFilter      : Filter 'commonsRequestLoggingFilter' configured for use
2022-09-22 10:56:46.232  INFO 9884 --- [restartedMain] o.hibernate.jpa.internal.util.LogHelper  : HHH000204: Processing PersistenceUnitInfo [name: default]
2022-09-22 10:56:46.289  INFO 9884 --- [restartedMain] org.hibernate.Version                    : HHH000412: Hibernate ORM core version 5.4.30.Final
2022-09-22 10:56:46.452  INFO 9884 --- [restartedMain] o.hibernate.annotations.common.Version   : HCANN000001: Hibernate Commons Annotations {5.1.2.Final}
2022-09-22 10:56:46.573  INFO 9884 --- [restartedMain] com.zaxxer.hikari.HikariDataSource       : HikariPool-1 - Starting...
2022-09-22 10:56:46.998  INFO 9884 --- [restartedMain] com.zaxxer.hikari.HikariDataSource       : HikariPool-1 - Start completed.
2022-09-22 10:56:47.017  INFO 9884 --- [restartedMain] org.hibernate.dialect.Dialect            : HHH000400: Using dialect: org.hibernate.dialect.MySQL57Dialect
2022-09-22 10:56:48.172  INFO 9884 --- [restartedMain] o.h.e.t.j.p.i.JtaPlatformInitiator       : HHH000490: Using JtaPlatform implementation: [org.hibernate.engine.transaction.jta.platform.internal.NoJtaPlatform]
2022-09-22 10:56:48.184  INFO 9884 --- [restartedMain] j.LocalContainerEntityManagerFactoryBean : Initialized JPA EntityManagerFactory for persistence unit 'default'
2022-09-22 10:56:48.228  INFO 9884 --- [restartedMain] o.s.b.d.a.OptionalLiveReloadServer       : LiveReload server is running on port 35729
2022-09-22 10:56:48.891  WARN 9884 --- [restartedMain] JpaBaseConfiguration$JpaWebConfiguration : spring.jpa.open-in-view is enabled by default. Therefore, database queries may be performed during view rendering. Explicitly configure spring.jpa.open-in-view to disable this warning
2022-09-22 10:56:49.279 DEBUG 9884 --- [restartedMain] s.w.s.m.m.a.RequestMappingHandlerMapping : 29 mappings in 'requestMappingHandlerMapping'
2022-09-22 10:56:49.382  INFO 9884 --- [restartedMain] o.s.b.a.e.web.EndpointLinksResolver      : Exposing 2 endpoint(s) beneath base path '/actuator'
2022-09-22 10:56:49.590  INFO 9884 --- [restartedMain] o.s.s.web.DefaultSecurityFilterChain     : Will secure any request with [org.springframework.security.web.context.request.async.WebAsyncManagerIntegrationFilter@17b0a164, org.springframework.security.web.context.SecurityContextPersistenceFilter@3d912bf1, org.springframework.security.web.header.HeaderWriterFilter@a6c18f5, org.springframework.web.filter.CorsFilter@3dc1528a, org.springframework.security.web.authentication.logout.LogoutFilter@4a2f9f76, com.ssafy.common.auth.JwtAuthenticationFilter@33c89a33, org.springframework.security.web.savedrequest.RequestCacheAwareFilter@1f098e20, org.springframework.security.web.servletapi.SecurityContextHolderAwareRequestFilter@15f7160a, org.springframework.security.web.authentication.AnonymousAuthenticationFilter@5bf6d28c, org.springframework.security.web.session.SessionManagementFilter@3dc8733f, org.springframework.security.web.access.ExceptionTranslationFilter@3e374676, org.springframework.security.web.access.intercept.FilterSecurityInterceptor@32dd002e]
2022-09-22 10:56:49.673  INFO 9884 --- [restartedMain] o.s.s.concurrent.ThreadPoolTaskExecutor  : Initializing ExecutorService 'applicationTaskExecutor'
2022-09-22 10:56:49.685 DEBUG 9884 --- [restartedMain] s.w.s.m.m.a.RequestMappingHandlerAdapter : ControllerAdvice beans: 0 @ModelAttribute, 0 @InitBinder, 1 RequestBodyAdvice, 1 ResponseBodyAdvice
2022-09-22 10:56:49.731 DEBUG 9884 --- [restartedMain] o.s.w.s.handler.SimpleUrlHandlerMapping  : Patterns [/swagger-ui/] in 'viewControllerHandlerMapping'
2022-09-22 10:56:49.746 DEBUG 9884 --- [restartedMain] o.s.w.s.c.annotation.WebMvcConfigurer    : Default resource handling disabled
2022-09-22 10:56:49.956 DEBUG 9884 --- [restartedMain] o.s.w.s.handler.SimpleUrlHandlerMapping  : Patterns [/resources/**, /swagger-ui.html, /webjars/**, /css/**, /fonts/**, /icons/**, /img/**, /js/**, /swagger-ui/**] in 'resourceHandlerMapping'
2022-09-22 10:56:49.970 DEBUG 9884 --- [restartedMain] .m.m.a.ExceptionHandlerExceptionResolver : ControllerAdvice beans: 1 @ExceptionHandler, 1 ResponseBodyAdvice
2022-09-22 10:56:50.298  INFO 9884 --- [restartedMain] o.s.b.w.embedded.tomcat.TomcatWebServer  : Tomcat started on port(s): 8081 (http) with context path ''
2022-09-22 10:56:50.580  INFO 9884 --- [restartedMain] com.ssafy.GroupCallApplication           : Started GroupCallApplication in 7.452 seconds (JVM running for 9.152)
2022-09-22 10:57:07.329  INFO 9884 --- [http-nio-8081-exec-1] o.a.c.c.C.[Tomcat].[localhost].[/]       : Initializing Spring DispatcherServlet 'dispatcherServlet'
2022-09-22 10:57:07.329  INFO 9884 --- [http-nio-8081-exec-1] o.s.web.servlet.DispatcherServlet        : Initializing Servlet 'dispatcherServlet'
2022-09-22 10:57:07.329 DEBUG 9884 --- [http-nio-8081-exec-1] o.s.web.servlet.DispatcherServlet        : Detected StandardServletMultipartResolver
2022-09-22 10:57:07.329 DEBUG 9884 --- [http-nio-8081-exec-1] o.s.web.servlet.DispatcherServlet        : Detected AcceptHeaderLocaleResolver
2022-09-22 10:57:07.330 DEBUG 9884 --- [http-nio-8081-exec-1] o.s.web.servlet.DispatcherServlet        : Detected FixedThemeResolver
2022-09-22 10:57:07.331 DEBUG 9884 --- [http-nio-8081-exec-1] o.s.web.servlet.DispatcherServlet        : Detected org.springframework.web.servlet.view.DefaultRequestToViewNameTranslator@7f17cef5
2022-09-22 10:57:07.331 DEBUG 9884 --- [http-nio-8081-exec-1] o.s.web.servlet.DispatcherServlet        : Detected org.springframework.web.servlet.support.SessionFlashMapManager@7ab719d8
2022-09-22 10:57:07.332 DEBUG 9884 --- [http-nio-8081-exec-1] o.s.web.servlet.DispatcherServlet        : enableLoggingRequestDetails='false': request parameters and headers will be masked to prevent unsafe logging of potentially sensitive data
2022-09-22 10:57:07.332  INFO 9884 --- [http-nio-8081-exec-1] o.s.web.servlet.DispatcherServlet        : Completed initialization in 3 ms
2022-09-22 10:57:07.373 DEBUG 9884 --- [http-nio-8081-exec-1] o.s.w.f.CommonsRequestLoggingFilter      : Before request [POST /api/user/mail/certify, client=0:0:0:0:0:0:0:1, headers=[user-agent:"PostmanRuntime/7.29.2", accept:"*/*", postman-token:"42291314-26c5-4e4f-af4f-6b0a3e1f1476", host:"localhost:8081", accept-encoding:"gzip, deflate, br", connection:"keep-alive", content-length:"179", Content-Type:"multipart/form-data;boundary=--------------------------628861782802454920006900;charset=ISO-8859-1"]]
2022-09-22 10:57:07.398 DEBUG 9884 --- [http-nio-8081-exec-1] o.s.web.servlet.DispatcherServlet        : POST "/api/user/mail/certify", parameters={masked}
2022-09-22 10:57:07.405  WARN 9884 --- [http-nio-8081-exec-1] o.s.web.servlet.PageNotFound             : No mapping for POST /api/user/mail/certify
2022-09-22 10:57:07.409 DEBUG 9884 --- [http-nio-8081-exec-1] .m.m.a.ExceptionHandlerExceptionResolver : Using @ExceptionHandler com.ssafy.common.exception.handler.NotFoundHandler#renderDefaultPage(NoHandlerFoundException)
2022-09-22 10:57:07.416 DEBUG 9884 --- [http-nio-8081-exec-1] o.s.w.s.m.m.a.HttpEntityMethodProcessor  : Using 'text/plain', given [*/*] and supported [text/plain, */*, text/plain, */*, text/plain, */*, application/json, application/*+json, application/json, application/*+json]
2022-09-22 10:57:07.416 DEBUG 9884 --- [http-nio-8081-exec-1] o.s.w.s.m.m.a.HttpEntityMethodProcessor  : Nothing to write: null body
2022-09-22 10:57:07.417  WARN 9884 --- [http-nio-8081-exec-1] .m.m.a.ExceptionHandlerExceptionResolver : Resolved [org.springframework.web.servlet.NoHandlerFoundException: No handler found for POST /api/user/mail/certify]
2022-09-22 10:57:07.417 DEBUG 9884 --- [http-nio-8081-exec-1] o.s.web.servlet.DispatcherServlet        : Completed 404 NOT_FOUND
2022-09-22 10:57:07.417 DEBUG 9884 --- [http-nio-8081-exec-1] o.s.w.f.CommonsRequestLoggingFilter      : After request [POST /api/user/mail/certify, client=0:0:0:0:0:0:0:1, headers=[user-agent:"PostmanRuntime/7.29.2", accept:"*/*", postman-token:"42291314-26c5-4e4f-af4f-6b0a3e1f1476", host:"localhost:8081", accept-encoding:"gzip, deflate, br", connection:"keep-alive", content-length:"179", Content-Type:"multipart/form-data;boundary=--------------------------628861782802454920006900;charset=UTF-8"]]
2022-09-22 10:57:39.225 DEBUG 9884 --- [http-nio-8081-exec-3] o.s.w.f.CommonsRequestLoggingFilter      : Before request [POST /api/user/mail/send/certify, client=0:0:0:0:0:0:0:1, headers=[user-agent:"PostmanRuntime/7.29.2", accept:"*/*", postman-token:"2a432a0c-0aca-435a-bc0c-943789592242", host:"localhost:8081", accept-encoding:"gzip, deflate, br", connection:"keep-alive", content-length:"179", Content-Type:"multipart/form-data;boundary=--------------------------633774352634275077373660;charset=ISO-8859-1"]]
2022-09-22 10:57:39.229 DEBUG 9884 --- [http-nio-8081-exec-3] o.s.web.servlet.DispatcherServlet        : POST "/api/user/mail/send/certify", parameters={masked}
2022-09-22 10:57:39.231 DEBUG 9884 --- [http-nio-8081-exec-3] s.w.s.m.m.a.RequestMappingHandlerMapping : Mapped to com.ssafy.api.controller.UserController#sendCertifyMail(String)
2022-09-22 10:57:52.565 DEBUG 9884 --- [http-nio-8081-exec-3] o.s.w.s.m.m.a.HttpEntityMethodProcessor  : Using 'application/json', given [*/*] and supported [application/json, application/*+json, application/json, application/*+json]
2022-09-22 10:57:52.565 DEBUG 9884 --- [http-nio-8081-exec-3] o.s.w.s.m.m.a.HttpEntityMethodProcessor  : Writing [com.ssafy.common.model.response.BaseResponseBody@1328c9d9]
2022-09-22 10:57:52.580 DEBUG 9884 --- [http-nio-8081-exec-3] o.s.web.servlet.DispatcherServlet        : Completed 200 OK
2022-09-22 10:57:52.581 DEBUG 9884 --- [http-nio-8081-exec-3] o.s.w.f.CommonsRequestLoggingFilter      : After request [POST /api/user/mail/send/certify, client=0:0:0:0:0:0:0:1, headers=[user-agent:"PostmanRuntime/7.29.2", accept:"*/*", postman-token:"2a432a0c-0aca-435a-bc0c-943789592242", host:"localhost:8081", accept-encoding:"gzip, deflate, br", connection:"keep-alive", content-length:"179", Content-Type:"multipart/form-data;boundary=--------------------------633774352634275077373660;charset=UTF-8"]]
2022-09-22 10:58:17.760 DEBUG 9884 --- [http-nio-8081-exec-4] o.s.w.f.CommonsRequestLoggingFilter      : Before request [POST /api/user/signin, client=0:0:0:0:0:0:0:1, headers=[user-agent:"PostmanRuntime/7.29.2", accept:"*/*", postman-token:"e03f4cf0-a364-43ca-8e6c-dd9564dc7b18", host:"localhost:8081", accept-encoding:"gzip, deflate, br", connection:"keep-alive", content-length:"125", Content-Type:"application/json;charset=ISO-8859-1"]]
2022-09-22 10:58:17.760 DEBUG 9884 --- [http-nio-8081-exec-4] o.s.web.servlet.DispatcherServlet        : POST "/api/user/signin", parameters={}
2022-09-22 10:58:17.761 DEBUG 9884 --- [http-nio-8081-exec-4] s.w.s.m.m.a.RequestMappingHandlerMapping : Mapped to com.ssafy.api.controller.UserController#register(UserRegisterPostReq)
2022-09-22 10:58:17.800 DEBUG 9884 --- [http-nio-8081-exec-4] m.m.a.RequestResponseBodyMethodProcessor : Read "application/json;charset=UTF-8" to [com.ssafy.api.request.UserRegisterPostReq@3cb3b52d]
2022-09-22 10:58:17.955  WARN 9884 --- [http-nio-8081-exec-4] o.h.engine.jdbc.spi.SqlExceptionHelper   : SQL Error: 1062, SQLState: 23000
2022-09-22 10:58:17.956 ERROR 9884 --- [http-nio-8081-exec-4] o.h.engine.jdbc.spi.SqlExceptionHelper   : Duplicate entry 'sunbi5252@naver.com' for key 'users.email'
2022-09-22 10:58:17.990 DEBUG 9884 --- [http-nio-8081-exec-4] o.s.web.servlet.DispatcherServlet        : Failed to complete request: org.springframework.dao.DataIntegrityViolationException: could not execute statement; SQL [n/a]; constraint [users.email]; nested exception is org.hibernate.exception.ConstraintViolationException: could not execute statement
2022-09-22 10:58:17.990 DEBUG 9884 --- [http-nio-8081-exec-4] o.s.w.f.CommonsRequestLoggingFilter      : After request [POST /api/user/signin, client=0:0:0:0:0:0:0:1, headers=[user-agent:"PostmanRuntime/7.29.2", accept:"*/*", postman-token:"e03f4cf0-a364-43ca-8e6c-dd9564dc7b18", host:"localhost:8081", accept-encoding:"gzip, deflate, br", connection:"keep-alive", content-length:"125", Content-Type:"application/json;charset=UTF-8"], payload={
    "email":"sunbi5252@naver.com",
    "password":"woodong2",
    "nickname":"nononono",
    "randomNumber":"537578"
}]
2022-09-22 10:58:17.999 ERROR 9884 --- [http-nio-8081-exec-4] o.a.c.c.C.[.[.[/].[dispatcherServlet]    : Servlet.service() for servlet [dispatcherServlet] in context with path [] threw exception [Request processing failed; nested exception is org.springframework.dao.DataIntegrityViolationException: could not execute statement; SQL [n/a]; constraint [users.email]; nested exception is org.hibernate.exception.ConstraintViolationException: could not execute statement] with root cause

java.sql.SQLIntegrityConstraintViolationException: Duplicate entry 'sunbi5252@naver.com' for key 'users.email'
	at com.mysql.cj.jdbc.exceptions.SQLError.createSQLException(SQLError.java:117) ~[mysql-connector-java-8.0.23.jar:8.0.23]
	at com.mysql.cj.jdbc.exceptions.SQLExceptionsMapping.translateException(SQLExceptionsMapping.java:122) ~[mysql-connector-java-8.0.23.jar:8.0.23]
	at com.mysql.cj.jdbc.ClientPreparedStatement.executeInternal(ClientPreparedStatement.java:953) ~[mysql-connector-java-8.0.23.jar:8.0.23]
	at com.mysql.cj.jdbc.ClientPreparedStatement.executeUpdateInternal(ClientPreparedStatement.java:1092) ~[mysql-connector-java-8.0.23.jar:8.0.23]
	at com.mysql.cj.jdbc.ClientPreparedStatement.executeUpdateInternal(ClientPreparedStatement.java:1040) ~[mysql-connector-java-8.0.23.jar:8.0.23]
	at com.mysql.cj.jdbc.ClientPreparedStatement.executeLargeUpdate(ClientPreparedStatement.java:1347) ~[mysql-connector-java-8.0.23.jar:8.0.23]
	at com.mysql.cj.jdbc.ClientPreparedStatement.executeUpdate(ClientPreparedStatement.java:1025) ~[mysql-connector-java-8.0.23.jar:8.0.23]
	at com.zaxxer.hikari.pool.ProxyPreparedStatement.executeUpdate(ProxyPreparedStatement.java:61) ~[HikariCP-3.4.5.jar:na]
	at com.zaxxer.hikari.pool.HikariProxyPreparedStatement.executeUpdate(HikariProxyPreparedStatement.java) ~[HikariCP-3.4.5.jar:na]
	at org.hibernate.engine.jdbc.internal.ResultSetReturnImpl.executeUpdate(ResultSetReturnImpl.java:197) ~[hibernate-core-5.4.30.Final.jar:5.4.30.Final]
	at org.hibernate.dialect.identity.GetGeneratedKeysDelegate.executeAndExtract(GetGeneratedKeysDelegate.java:57) ~[hibernate-core-5.4.30.Final.jar:5.4.30.Final]
	at org.hibernate.id.insert.AbstractReturningDelegate.performInsert(AbstractReturningDelegate.java:43) ~[hibernate-core-5.4.30.Final.jar:5.4.30.Final]
	at org.hibernate.persister.entity.AbstractEntityPersister.insert(AbstractEntityPersister.java:3195) ~[hibernate-core-5.4.30.Final.jar:5.4.30.Final]
	at org.hibernate.persister.entity.AbstractEntityPersister.insert(AbstractEntityPersister.java:3801) ~[hibernate-core-5.4.30.Final.jar:5.4.30.Final]
	at org.hibernate.action.internal.EntityIdentityInsertAction.execute(EntityIdentityInsertAction.java:84) ~[hibernate-core-5.4.30.Final.jar:5.4.30.Final]
	at org.hibernate.engine.spi.ActionQueue.execute(ActionQueue.java:645) ~[hibernate-core-5.4.30.Final.jar:5.4.30.Final]
	at org.hibernate.engine.spi.ActionQueue.addResolvedEntityInsertAction(ActionQueue.java:282) ~[hibernate-core-5.4.30.Final.jar:5.4.30.Final]
	at org.hibernate.engine.spi.ActionQueue.addInsertAction(ActionQueue.java:263) ~[hibernate-core-5.4.30.Final.jar:5.4.30.Final]
	at org.hibernate.engine.spi.ActionQueue.addAction(ActionQueue.java:317) ~[hibernate-core-5.4.30.Final.jar:5.4.30.Final]
	at org.hibernate.event.internal.AbstractSaveEventListener.addInsertAction(AbstractSaveEventListener.java:330) ~[hibernate-core-5.4.30.Final.jar:5.4.30.Final]
	at org.hibernate.event.internal.AbstractSaveEventListener.performSaveOrReplicate(AbstractSaveEventListener.java:287) ~[hibernate-core-5.4.30.Final.jar:5.4.30.Final]
	at org.hibernate.event.internal.AbstractSaveEventListener.performSave(AbstractSaveEventListener.java:193) ~[hibernate-core-5.4.30.Final.jar:5.4.30.Final]
	at org.hibernate.event.internal.AbstractSaveEventListener.saveWithGeneratedId(AbstractSaveEventListener.java:123) ~[hibernate-core-5.4.30.Final.jar:5.4.30.Final]
	at org.hibernate.event.internal.DefaultPersistEventListener.entityIsTransient(DefaultPersistEventListener.java:185) ~[hibernate-core-5.4.30.Final.jar:5.4.30.Final]
	at org.hibernate.event.internal.DefaultPersistEventListener.onPersist(DefaultPersistEventListener.java:128) ~[hibernate-core-5.4.30.Final.jar:5.4.30.Final]
	at org.hibernate.event.internal.DefaultPersistEventListener.onPersist(DefaultPersistEventListener.java:55) ~[hibernate-core-5.4.30.Final.jar:5.4.30.Final]
	at org.hibernate.event.service.internal.EventListenerGroupImpl.fireEventOnEachListener(EventListenerGroupImpl.java:93) ~[hibernate-core-5.4.30.Final.jar:5.4.30.Final]
	at org.hibernate.internal.SessionImpl.firePersist(SessionImpl.java:720) ~[hibernate-core-5.4.30.Final.jar:5.4.30.Final]
	at org.hibernate.internal.SessionImpl.persist(SessionImpl.java:706) ~[hibernate-core-5.4.30.Final.jar:5.4.30.Final]
	at sun.reflect.NativeMethodAccessorImpl.invoke0(Native Method) ~[na:1.8.0_192]
	at sun.reflect.NativeMethodAccessorImpl.invoke(NativeMethodAccessorImpl.java:62) ~[na:1.8.0_192]
	at sun.reflect.DelegatingMethodAccessorImpl.invoke(DelegatingMethodAccessorImpl.java:43) ~[na:1.8.0_192]
	at java.lang.reflect.Method.invoke(Method.java:498) ~[na:1.8.0_192]
	at org.springframework.orm.jpa.ExtendedEntityManagerCreator$ExtendedEntityManagerInvocationHandler.invoke(ExtendedEntityManagerCreator.java:362) ~[spring-orm-5.3.6.jar:5.3.6]
	at com.sun.proxy.$Proxy136.persist(Unknown Source) ~[na:na]
	at sun.reflect.NativeMethodAccessorImpl.invoke0(Native Method) ~[na:1.8.0_192]
	at sun.reflect.NativeMethodAccessorImpl.invoke(NativeMethodAccessorImpl.java:62) ~[na:1.8.0_192]
	at sun.reflect.DelegatingMethodAccessorImpl.invoke(DelegatingMethodAccessorImpl.java:43) ~[na:1.8.0_192]
	at java.lang.reflect.Method.invoke(Method.java:498) ~[na:1.8.0_192]
	at org.springframework.orm.jpa.SharedEntityManagerCreator$SharedEntityManagerInvocationHandler.invoke(SharedEntityManagerCreator.java:311) ~[spring-orm-5.3.6.jar:5.3.6]
	at com.sun.proxy.$Proxy136.persist(Unknown Source) ~[na:na]
	at org.springframework.data.jpa.repository.support.SimpleJpaRepository.save(SimpleJpaRepository.java:557) ~[spring-data-jpa-2.4.8.jar:2.4.8]
	at sun.reflect.NativeMethodAccessorImpl.invoke0(Native Method) ~[na:1.8.0_192]
	at sun.reflect.NativeMethodAccessorImpl.invoke(NativeMethodAccessorImpl.java:62) ~[na:1.8.0_192]
	at sun.reflect.DelegatingMethodAccessorImpl.invoke(DelegatingMethodAccessorImpl.java:43) ~[na:1.8.0_192]
	at java.lang.reflect.Method.invoke(Method.java:498) ~[na:1.8.0_192]
	at org.springframework.data.repository.core.support.RepositoryMethodInvoker$RepositoryFragmentMethodInvoker.lambda$new$0(RepositoryMethodInvoker.java:289) ~[spring-data-commons-2.4.8.jar:2.4.8]
	at org.springframework.data.repository.core.support.RepositoryMethodInvoker.doInvoke(RepositoryMethodInvoker.java:137) ~[spring-data-commons-2.4.8.jar:2.4.8]
	at org.springframework.data.repository.core.support.RepositoryMethodInvoker.invoke(RepositoryMethodInvoker.java:121) ~[spring-data-commons-2.4.8.jar:2.4.8]
	at org.springframework.data.repository.core.support.RepositoryComposition$RepositoryFragments.invoke(RepositoryComposition.java:524) ~[spring-data-commons-2.4.8.jar:2.4.8]
	at org.springframework.data.repository.core.support.RepositoryComposition.invoke(RepositoryComposition.java:285) ~[spring-data-commons-2.4.8.jar:2.4.8]
	at org.springframework.data.repository.core.support.RepositoryFactorySupport$ImplementationMethodExecutionInterceptor.invoke(RepositoryFactorySupport.java:531) ~[spring-data-commons-2.4.8.jar:2.4.8]
	at org.springframework.aop.framework.ReflectiveMethodInvocation.proceed(ReflectiveMethodInvocation.java:186) ~[spring-aop-5.3.6.jar:5.3.6]
	at org.springframework.data.repository.core.support.QueryExecutorMethodInterceptor.doInvoke(QueryExecutorMethodInterceptor.java:156) ~[spring-data-commons-2.4.8.jar:2.4.8]
	at org.springframework.data.repository.core.support.QueryExecutorMethodInterceptor.invoke(QueryExecutorMethodInterceptor.java:131) ~[spring-data-commons-2.4.8.jar:2.4.8]
	at org.springframework.aop.framework.ReflectiveMethodInvocation.proceed(ReflectiveMethodInvocation.java:186) ~[spring-aop-5.3.6.jar:5.3.6]
	at org.springframework.data.projection.DefaultMethodInvokingMethodInterceptor.invoke(DefaultMethodInvokingMethodInterceptor.java:80) ~[spring-data-commons-2.4.8.jar:2.4.8]
	at org.springframework.aop.framework.ReflectiveMethodInvocation.proceed(ReflectiveMethodInvocation.java:186) ~[spring-aop-5.3.6.jar:5.3.6]
	at org.springframework.transaction.interceptor.TransactionInterceptor$1.proceedWithInvocation(TransactionInterceptor.java:123) ~[spring-tx-5.3.6.jar:5.3.6]
	at org.springframework.transaction.interceptor.TransactionAspectSupport.invokeWithinTransaction(TransactionAspectSupport.java:388) ~[spring-tx-5.3.6.jar:5.3.6]
	at org.springframework.transaction.interceptor.TransactionInterceptor.invoke(TransactionInterceptor.java:119) ~[spring-tx-5.3.6.jar:5.3.6]
	at org.springframework.aop.framework.ReflectiveMethodInvocation.proceed(ReflectiveMethodInvocation.java:186) ~[spring-aop-5.3.6.jar:5.3.6]
	at org.springframework.dao.support.PersistenceExceptionTranslationInterceptor.invoke(PersistenceExceptionTranslationInterceptor.java:137) ~[spring-tx-5.3.6.jar:5.3.6]
	at org.springframework.aop.framework.ReflectiveMethodInvocation.proceed(ReflectiveMethodInvocation.java:186) ~[spring-aop-5.3.6.jar:5.3.6]
	at org.springframework.data.jpa.repository.support.CrudMethodMetadataPostProcessor$CrudMethodMetadataPopulatingMethodInterceptor.invoke(CrudMethodMetadataPostProcessor.java:174) ~[spring-data-jpa-2.4.8.jar:2.4.8]
	at org.springframework.aop.framework.ReflectiveMethodInvocation.proceed(ReflectiveMethodInvocation.java:186) ~[spring-aop-5.3.6.jar:5.3.6]
	at org.springframework.aop.interceptor.ExposeInvocationInterceptor.invoke(ExposeInvocationInterceptor.java:97) ~[spring-aop-5.3.6.jar:5.3.6]
	at org.springframework.aop.framework.ReflectiveMethodInvocation.proceed(ReflectiveMethodInvocation.java:186) ~[spring-aop-5.3.6.jar:5.3.6]
	at org.springframework.aop.framework.JdkDynamicAopProxy.invoke(JdkDynamicAopProxy.java:215) ~[spring-aop-5.3.6.jar:5.3.6]
	at com.sun.proxy.$Proxy140.save(Unknown Source) ~[na:na]
	at com.ssafy.api.service.UserServiceImpl.createUsers(UserServiceImpl.java:47) ~[main/:na]
	at com.ssafy.api.controller.UserController.register(UserController.java:97) ~[main/:na]
	at sun.reflect.NativeMethodAccessorImpl.invoke0(Native Method) ~[na:1.8.0_192]
	at sun.reflect.NativeMethodAccessorImpl.invoke(NativeMethodAccessorImpl.java:62) ~[na:1.8.0_192]
	at sun.reflect.DelegatingMethodAccessorImpl.invoke(DelegatingMethodAccessorImpl.java:43) ~[na:1.8.0_192]
	at java.lang.reflect.Method.invoke(Method.java:498) ~[na:1.8.0_192]
	at org.springframework.web.method.support.InvocableHandlerMethod.doInvoke(InvocableHandlerMethod.java:197) ~[spring-web-5.3.6.jar:5.3.6]
	at org.springframework.web.method.support.InvocableHandlerMethod.invokeForRequest(InvocableHandlerMethod.java:141) ~[spring-web-5.3.6.jar:5.3.6]
	at org.springframework.web.servlet.mvc.method.annotation.ServletInvocableHandlerMethod.invokeAndHandle(ServletInvocableHandlerMethod.java:106) ~[spring-webmvc-5.3.6.jar:5.3.6]
	at org.springframework.web.servlet.mvc.method.annotation.RequestMappingHandlerAdapter.invokeHandlerMethod(RequestMappingHandlerAdapter.java:894) ~[spring-webmvc-5.3.6.jar:5.3.6]
	at org.springframework.web.servlet.mvc.method.annotation.RequestMappingHandlerAdapter.handleInternal(RequestMappingHandlerAdapter.java:808) ~[spring-webmvc-5.3.6.jar:5.3.6]
	at org.springframework.web.servlet.mvc.method.AbstractHandlerMethodAdapter.handle(AbstractHandlerMethodAdapter.java:87) ~[spring-webmvc-5.3.6.jar:5.3.6]
	at org.springframework.web.servlet.DispatcherServlet.doDispatch(DispatcherServlet.java:1060) ~[spring-webmvc-5.3.6.jar:5.3.6]
	at org.springframework.web.servlet.DispatcherServlet.doService(DispatcherServlet.java:962) ~[spring-webmvc-5.3.6.jar:5.3.6]
	at org.springframework.web.servlet.FrameworkServlet.processRequest(FrameworkServlet.java:1006) ~[spring-webmvc-5.3.6.jar:5.3.6]
	at org.springframework.web.servlet.FrameworkServlet.doPost(FrameworkServlet.java:909) ~[spring-webmvc-5.3.6.jar:5.3.6]
	at javax.servlet.http.HttpServlet.service(HttpServlet.java:652) ~[tomcat-embed-core-9.0.45.jar:4.0.FR]
	at org.springframework.web.servlet.FrameworkServlet.service(FrameworkServlet.java:883) ~[spring-webmvc-5.3.6.jar:5.3.6]
	at javax.servlet.http.HttpServlet.service(HttpServlet.java:733) ~[tomcat-embed-core-9.0.45.jar:4.0.FR]
	at org.apache.catalina.core.ApplicationFilterChain.internalDoFilter(ApplicationFilterChain.java:227) ~[tomcat-embed-core-9.0.45.jar:9.0.45]
	at org.apache.catalina.core.ApplicationFilterChain.doFilter(ApplicationFilterChain.java:162) ~[tomcat-embed-core-9.0.45.jar:9.0.45]
	at org.apache.tomcat.websocket.server.WsFilter.doFilter(WsFilter.java:53) ~[tomcat-embed-websocket-9.0.45.jar:9.0.45]
	at org.apache.catalina.core.ApplicationFilterChain.internalDoFilter(ApplicationFilterChain.java:189) ~[tomcat-embed-core-9.0.45.jar:9.0.45]
	at org.apache.catalina.core.ApplicationFilterChain.doFilter(ApplicationFilterChain.java:162) ~[tomcat-embed-core-9.0.45.jar:9.0.45]
	at org.springframework.web.filter.CharacterEncodingFilter.doFilterInternal(CharacterEncodingFilter.java:201) ~[spring-web-5.3.6.jar:5.3.6]
	at org.springframework.web.filter.OncePerRequestFilter.doFilter(OncePerRequestFilter.java:119) ~[spring-web-5.3.6.jar:5.3.6]
	at org.apache.catalina.core.ApplicationFilterChain.internalDoFilter(ApplicationFilterChain.java:189) ~[tomcat-embed-core-9.0.45.jar:9.0.45]
	at org.apache.catalina.core.ApplicationFilterChain.doFilter(ApplicationFilterChain.java:162) ~[tomcat-embed-core-9.0.45.jar:9.0.45]
	at org.springframework.web.servlet.resource.ResourceUrlEncodingFilter.doFilter(ResourceUrlEncodingFilter.java:67) ~[spring-webmvc-5.3.6.jar:5.3.6]
	at org.apache.catalina.core.ApplicationFilterChain.internalDoFilter(ApplicationFilterChain.java:189) ~[tomcat-embed-core-9.0.45.jar:9.0.45]
	at org.apache.catalina.core.ApplicationFilterChain.doFilter(ApplicationFilterChain.java:162) ~[tomcat-embed-core-9.0.45.jar:9.0.45]
	at org.springframework.web.filter.AbstractRequestLoggingFilter.doFilterInternal(AbstractRequestLoggingFilter.java:289) ~[spring-web-5.3.6.jar:5.3.6]
	at org.springframework.web.filter.OncePerRequestFilter.doFilter(OncePerRequestFilter.java:119) ~[spring-web-5.3.6.jar:5.3.6]
	at org.apache.catalina.core.ApplicationFilterChain.internalDoFilter(ApplicationFilterChain.java:189) ~[tomcat-embed-core-9.0.45.jar:9.0.45]
	at org.apache.catalina.core.ApplicationFilterChain.doFilter(ApplicationFilterChain.java:162) ~[tomcat-embed-core-9.0.45.jar:9.0.45]
	at org.springframework.security.web.FilterChainProxy$VirtualFilterChain.doFilter(FilterChainProxy.java:327) ~[spring-security-web-5.4.6.jar:5.4.6]
	at org.springframework.security.web.access.intercept.FilterSecurityInterceptor.invoke(FilterSecurityInterceptor.java:115) ~[spring-security-web-5.4.6.jar:5.4.6]
	at org.springframework.security.web.access.intercept.FilterSecurityInterceptor.doFilter(FilterSecurityInterceptor.java:81) ~[spring-security-web-5.4.6.jar:5.4.6]
	at org.springframework.security.web.FilterChainProxy$VirtualFilterChain.doFilter(FilterChainProxy.java:336) ~[spring-security-web-5.4.6.jar:5.4.6]
	at org.springframework.security.web.access.ExceptionTranslationFilter.doFilter(ExceptionTranslationFilter.java:119) ~[spring-security-web-5.4.6.jar:5.4.6]
	at org.springframework.security.web.access.ExceptionTranslationFilter.doFilter(ExceptionTranslationFilter.java:113) ~[spring-security-web-5.4.6.jar:5.4.6]
	at org.springframework.security.web.FilterChainProxy$VirtualFilterChain.doFilter(FilterChainProxy.java:336) ~[spring-security-web-5.4.6.jar:5.4.6]
	at org.springframework.security.web.session.SessionManagementFilter.doFilter(SessionManagementFilter.java:126) ~[spring-security-web-5.4.6.jar:5.4.6]
	at org.springframework.security.web.session.SessionManagementFilter.doFilter(SessionManagementFilter.java:81) ~[spring-security-web-5.4.6.jar:5.4.6]
	at org.springframework.security.web.FilterChainProxy$VirtualFilterChain.doFilter(FilterChainProxy.java:336) ~[spring-security-web-5.4.6.jar:5.4.6]
	at org.springframework.security.web.authentication.AnonymousAuthenticationFilter.doFilter(AnonymousAuthenticationFilter.java:105) ~[spring-security-web-5.4.6.jar:5.4.6]
	at org.springframework.security.web.FilterChainProxy$VirtualFilterChain.doFilter(FilterChainProxy.java:336) ~[spring-security-web-5.4.6.jar:5.4.6]
	at org.springframework.security.web.servletapi.SecurityContextHolderAwareRequestFilter.doFilter(SecurityContextHolderAwareRequestFilter.java:149) ~[spring-security-web-5.4.6.jar:5.4.6]
	at org.springframework.security.web.FilterChainProxy$VirtualFilterChain.doFilter(FilterChainProxy.java:336) ~[spring-security-web-5.4.6.jar:5.4.6]
	at org.springframework.security.web.savedrequest.RequestCacheAwareFilter.doFilter(RequestCacheAwareFilter.java:63) ~[spring-security-web-5.4.6.jar:5.4.6]
	at org.springframework.security.web.FilterChainProxy$VirtualFilterChain.doFilter(FilterChainProxy.java:336) ~[spring-security-web-5.4.6.jar:5.4.6]
	at com.ssafy.common.auth.JwtAuthenticationFilter.doFilterInternal(JwtAuthenticationFilter.java:53) ~[main/:na]
	at org.springframework.web.filter.OncePerRequestFilter.doFilter(OncePerRequestFilter.java:119) ~[spring-web-5.3.6.jar:5.3.6]
	at org.springframework.security.web.FilterChainProxy$VirtualFilterChain.doFilter(FilterChainProxy.java:336) ~[spring-security-web-5.4.6.jar:5.4.6]
	at org.springframework.security.web.authentication.logout.LogoutFilter.doFilter(LogoutFilter.java:103) ~[spring-security-web-5.4.6.jar:5.4.6]
	at org.springframework.security.web.authentication.logout.LogoutFilter.doFilter(LogoutFilter.java:89) ~[spring-security-web-5.4.6.jar:5.4.6]
	at org.springframework.security.web.FilterChainProxy$VirtualFilterChain.doFilter(FilterChainProxy.java:336) ~[spring-security-web-5.4.6.jar:5.4.6]
	at org.springframework.web.filter.CorsFilter.doFilterInternal(CorsFilter.java:91) ~[spring-web-5.3.6.jar:5.3.6]
	at org.springframework.web.filter.OncePerRequestFilter.doFilter(OncePerRequestFilter.java:119) ~[spring-web-5.3.6.jar:5.3.6]
	at org.springframework.security.web.FilterChainProxy$VirtualFilterChain.doFilter(FilterChainProxy.java:336) ~[spring-security-web-5.4.6.jar:5.4.6]
	at org.springframework.security.web.header.HeaderWriterFilter.doHeadersAfter(HeaderWriterFilter.java:90) ~[spring-security-web-5.4.6.jar:5.4.6]
	at org.springframework.security.web.header.HeaderWriterFilter.doFilterInternal(HeaderWriterFilter.java:75) ~[spring-security-web-5.4.6.jar:5.4.6]
	at org.springframework.web.filter.OncePerRequestFilter.doFilter(OncePerRequestFilter.java:119) ~[spring-web-5.3.6.jar:5.3.6]
	at org.springframework.security.web.FilterChainProxy$VirtualFilterChain.doFilter(FilterChainProxy.java:336) ~[spring-security-web-5.4.6.jar:5.4.6]
	at org.springframework.security.web.context.SecurityContextPersistenceFilter.doFilter(SecurityContextPersistenceFilter.java:110) ~[spring-security-web-5.4.6.jar:5.4.6]
	at org.springframework.security.web.context.SecurityContextPersistenceFilter.doFilter(SecurityContextPersistenceFilter.java:80) ~[spring-security-web-5.4.6.jar:5.4.6]
	at org.springframework.security.web.FilterChainProxy$VirtualFilterChain.doFilter(FilterChainProxy.java:336) ~[spring-security-web-5.4.6.jar:5.4.6]
	at org.springframework.security.web.context.request.async.WebAsyncManagerIntegrationFilter.doFilterInternal(WebAsyncManagerIntegrationFilter.java:55) ~[spring-security-web-5.4.6.jar:5.4.6]
	at org.springframework.web.filter.OncePerRequestFilter.doFilter(OncePerRequestFilter.java:119) ~[spring-web-5.3.6.jar:5.3.6]
	at org.springframework.security.web.FilterChainProxy$VirtualFilterChain.doFilter(FilterChainProxy.java:336) ~[spring-security-web-5.4.6.jar:5.4.6]
	at org.springframework.security.web.FilterChainProxy.doFilterInternal(FilterChainProxy.java:211) ~[spring-security-web-5.4.6.jar:5.4.6]
	at org.springframework.security.web.FilterChainProxy.doFilter(FilterChainProxy.java:183) ~[spring-security-web-5.4.6.jar:5.4.6]
	at org.springframework.web.filter.DelegatingFilterProxy.invokeDelegate(DelegatingFilterProxy.java:358) ~[spring-web-5.3.6.jar:5.3.6]
	at org.springframework.web.filter.DelegatingFilterProxy.doFilter(DelegatingFilterProxy.java:271) ~[spring-web-5.3.6.jar:5.3.6]
	at org.apache.catalina.core.ApplicationFilterChain.internalDoFilter(ApplicationFilterChain.java:189) ~[tomcat-embed-core-9.0.45.jar:9.0.45]
	at org.apache.catalina.core.ApplicationFilterChain.doFilter(ApplicationFilterChain.java:162) ~[tomcat-embed-core-9.0.45.jar:9.0.45]
	at org.springframework.web.filter.RequestContextFilter.doFilterInternal(RequestContextFilter.java:100) ~[spring-web-5.3.6.jar:5.3.6]
	at org.springframework.web.filter.OncePerRequestFilter.doFilter(OncePerRequestFilter.java:119) ~[spring-web-5.3.6.jar:5.3.6]
	at org.apache.catalina.core.ApplicationFilterChain.internalDoFilter(ApplicationFilterChain.java:189) ~[tomcat-embed-core-9.0.45.jar:9.0.45]
	at org.apache.catalina.core.ApplicationFilterChain.doFilter(ApplicationFilterChain.java:162) ~[tomcat-embed-core-9.0.45.jar:9.0.45]
	at org.springframework.web.filter.FormContentFilter.doFilterInternal(FormContentFilter.java:93) ~[spring-web-5.3.6.jar:5.3.6]
	at org.springframework.web.filter.OncePerRequestFilter.doFilter(OncePerRequestFilter.java:119) ~[spring-web-5.3.6.jar:5.3.6]
	at org.apache.catalina.core.ApplicationFilterChain.internalDoFilter(ApplicationFilterChain.java:189) ~[tomcat-embed-core-9.0.45.jar:9.0.45]
	at org.apache.catalina.core.ApplicationFilterChain.doFilter(ApplicationFilterChain.java:162) ~[tomcat-embed-core-9.0.45.jar:9.0.45]
	at org.springframework.boot.actuate.metrics.web.servlet.WebMvcMetricsFilter.doFilterInternal(WebMvcMetricsFilter.java:93) ~[spring-boot-actuator-2.4.5.jar:2.4.5]
	at org.springframework.web.filter.OncePerRequestFilter.doFilter(OncePerRequestFilter.java:119) ~[spring-web-5.3.6.jar:5.3.6]
	at org.apache.catalina.core.ApplicationFilterChain.internalDoFilter(ApplicationFilterChain.java:189) ~[tomcat-embed-core-9.0.45.jar:9.0.45]
	at org.apache.catalina.core.ApplicationFilterChain.doFilter(ApplicationFilterChain.java:162) ~[tomcat-embed-core-9.0.45.jar:9.0.45]
	at org.apache.catalina.core.StandardWrapperValve.invoke(StandardWrapperValve.java:202) ~[tomcat-embed-core-9.0.45.jar:9.0.45]
	at org.apache.catalina.core.StandardContextValve.invoke(StandardContextValve.java:97) [tomcat-embed-core-9.0.45.jar:9.0.45]
	at org.apache.catalina.authenticator.AuthenticatorBase.invoke(AuthenticatorBase.java:542) [tomcat-embed-core-9.0.45.jar:9.0.45]
	at org.apache.catalina.core.StandardHostValve.invoke(StandardHostValve.java:143) [tomcat-embed-core-9.0.45.jar:9.0.45]
	at org.apache.catalina.valves.ErrorReportValve.invoke(ErrorReportValve.java:92) [tomcat-embed-core-9.0.45.jar:9.0.45]
	at org.apache.catalina.core.StandardEngineValve.invoke(StandardEngineValve.java:78) [tomcat-embed-core-9.0.45.jar:9.0.45]
	at org.apache.catalina.connector.CoyoteAdapter.service(CoyoteAdapter.java:357) [tomcat-embed-core-9.0.45.jar:9.0.45]
	at org.apache.coyote.http11.Http11Processor.service(Http11Processor.java:374) [tomcat-embed-core-9.0.45.jar:9.0.45]
	at org.apache.coyote.AbstractProcessorLight.process(AbstractProcessorLight.java:65) [tomcat-embed-core-9.0.45.jar:9.0.45]
	at org.apache.coyote.AbstractProtocol$ConnectionHandler.process(AbstractProtocol.java:893) [tomcat-embed-core-9.0.45.jar:9.0.45]
	at org.apache.tomcat.util.net.NioEndpoint$SocketProcessor.doRun(NioEndpoint.java:1707) [tomcat-embed-core-9.0.45.jar:9.0.45]
	at org.apache.tomcat.util.net.SocketProcessorBase.run(SocketProcessorBase.java:49) [tomcat-embed-core-9.0.45.jar:9.0.45]
	at java.util.concurrent.ThreadPoolExecutor.runWorker(ThreadPoolExecutor.java:1149) [na:1.8.0_192]
	at java.util.concurrent.ThreadPoolExecutor$Worker.run(ThreadPoolExecutor.java:624) [na:1.8.0_192]
	at org.apache.tomcat.util.threads.TaskThread$WrappingRunnable.run(TaskThread.java:61) [tomcat-embed-core-9.0.45.jar:9.0.45]
	at java.lang.Thread.run(Thread.java:748) [na:1.8.0_192]

2022-09-22 10:58:18.003 DEBUG 9884 --- [http-nio-8081-exec-4] o.s.web.servlet.DispatcherServlet        : "ERROR" dispatch for POST "/error", parameters={}
2022-09-22 10:58:18.005 DEBUG 9884 --- [http-nio-8081-exec-4] s.w.s.m.m.a.RequestMappingHandlerMapping : Mapped to org.springframework.boot.autoconfigure.web.servlet.error.BasicErrorController#error(HttpServletRequest)
2022-09-22 10:58:18.012 DEBUG 9884 --- [http-nio-8081-exec-4] o.s.w.s.m.m.a.HttpEntityMethodProcessor  : Using 'application/json', given [*/*] and supported [application/json, application/*+json, application/json, application/*+json]
2022-09-22 10:58:18.012 DEBUG 9884 --- [http-nio-8081-exec-4] o.s.w.s.m.m.a.HttpEntityMethodProcessor  : Writing [{timestamp=Thu Sep 22 10:58:18 KST 2022, status=500, error=Internal Server Error, trace=org.springfr (truncated)...]
2022-09-22 10:58:18.020 DEBUG 9884 --- [http-nio-8081-exec-4] o.s.web.servlet.DispatcherServlet        : Exiting from "ERROR" dispatch, status 500
